-- The C compiler identification is GNU 13.3.0
-- The CXX compiler identification is GNU 13.3.0
-- Detecting C compiler ABI info
-- Detecting C compiler ABI info - done
-- Check for working C compiler: /usr/bin/cc - skipped
-- Detecting C compile features
-- Detecting C compile features - done
-- Detecting CXX compiler ABI info
-- Detecting CXX compiler ABI info - done
-- Check for working CXX compiler: /usr/bin/c++ - skipped
-- Detecting CXX compile features
-- Detecting CXX compile features - done
-- Found ament_cmake: 2.5.3 (/opt/ros/jazzy/share/ament_cmake/cmake)
-- Found Python3: /usr/bin/python3 (found version "3.12.3") found components: Interpreter 
-- Found rclcpp: 28.1.6 (/opt/ros/jazzy/share/rclcpp/cmake)
-- Found rosidl_generator_c: 4.6.5 (/opt/ros/jazzy/share/rosidl_generator_c/cmake)
-- Found rosidl_generator_cpp: 4.6.5 (/opt/ros/jazzy/share/rosidl_generator_cpp/cmake)
-- Using all available rosidl_typesupport_c: rosidl_typesupport_fastrtps_c;rosidl_typesupport_introspection_c
-- Using all available rosidl_typesupport_cpp: rosidl_typesupport_fastrtps_cpp;rosidl_typesupport_introspection_cpp
-- Found rmw_implementation_cmake: 7.3.1 (/opt/ros/jazzy/share/rmw_implementation_cmake/cmake)
-- Found rmw_fastrtps_cpp: 8.4.1 (/opt/ros/jazzy/share/rmw_fastrtps_cpp/cmake)
-- Found OpenSSL: /usr/lib/x86_64-linux-gnu/libcrypto.so (found version "3.0.13")  
-- Found FastRTPS: /opt/ros/jazzy/include (Required is at least version "2.13") 
-- Using RMW implementation 'rmw_fastrtps_cpp' as default
-- Found trajectory_msgs: 5.3.5 (/opt/ros/jazzy/share/trajectory_msgs/cmake)
-- Found sensor_msgs: 5.3.5 (/opt/ros/jazzy/share/sensor_msgs/cmake)
-- Found ament_lint_auto: 0.17.1 (/opt/ros/jazzy/share/ament_lint_auto/cmake)
-- Added test 'cppcheck' to perform static code analysis on C / C++ code
-- Configured cppcheck include dirs: 
-- Configured cppcheck exclude dirs and/or files: 
-- Added test 'lint_cmake' to check CMake code style
-- Added test 'uncrustify' to check C / C++ code style
-- Configured uncrustify additional arguments: 
-- Added test 'xmllint' to check XML markup files
-- Configuring done (1.2s)
-- Generating done (0.0s)
-- Build files have been written to: /home/master/Documents/Code/learnRos/build/six_axis_pubsub
[ 25%] [32mBuilding CXX object CMakeFiles/teleop_node.dir/src/teleop_node.cpp.o[0m
[ 50%] [32mBuilding CXX object CMakeFiles/arm_controller.dir/src/arm_controller.cpp.o[0m
[ 75%] [32m[1mLinking CXX executable teleop_node[0m
[ 75%] Built target teleop_node
[100%] [32m[1mLinking CXX executable arm_controller[0m
[100%] Built target arm_controller
-- Install configuration: ""
-- Installing: /home/master/Documents/Code/learnRos/install/six_axis_pubsub/lib/six_axis_pubsub/arm_controller
-- Set non-toolchain portion of runtime path of "/home/master/Documents/Code/learnRos/install/six_axis_pubsub/lib/six_axis_pubsub/arm_controller" to ""
-- Installing: /home/master/Documents/Code/learnRos/install/six_axis_pubsub/lib/six_axis_pubsub/teleop_node
-- Set non-toolchain portion of runtime path of "/home/master/Documents/Code/learnRos/install/six_axis_pubsub/lib/six_axis_pubsub/teleop_node" to ""
-- Installing: /home/master/Documents/Code/learnRos/install/six_axis_pubsub/share/ament_index/resource_index/package_run_dependencies/six_axis_pubsub
-- Installing: /home/master/Documents/Code/learnRos/install/six_axis_pubsub/share/ament_index/resource_index/parent_prefix_path/six_axis_pubsub
-- Installing: /home/master/Documents/Code/learnRos/install/six_axis_pubsub/share/six_axis_pubsub/environment/ament_prefix_path.sh
-- Installing: /home/master/Documents/Code/learnRos/install/six_axis_pubsub/share/six_axis_pubsub/environment/ament_prefix_path.dsv
-- Installing: /home/master/Documents/Code/learnRos/install/six_axis_pubsub/share/six_axis_pubsub/environment/path.sh
-- Installing: /home/master/Documents/Code/learnRos/install/six_axis_pubsub/share/six_axis_pubsub/environment/path.dsv
-- Installing: /home/master/Documents/Code/learnRos/install/six_axis_pubsub/share/six_axis_pubsub/local_setup.bash
-- Installing: /home/master/Documents/Code/learnRos/install/six_axis_pubsub/share/six_axis_pubsub/local_setup.sh
-- Installing: /home/master/Documents/Code/learnRos/install/six_axis_pubsub/share/six_axis_pubsub/local_setup.zsh
-- Installing: /home/master/Documents/Code/learnRos/install/six_axis_pubsub/share/six_axis_pubsub/local_setup.dsv
-- Installing: /home/master/Documents/Code/learnRos/install/six_axis_pubsub/share/six_axis_pubsub/package.dsv
-- Installing: /home/master/Documents/Code/learnRos/install/six_axis_pubsub/share/ament_index/resource_index/packages/six_axis_pubsub
-- Installing: /home/master/Documents/Code/learnRos/install/six_axis_pubsub/share/six_axis_pubsub/cmake/six_axis_pubsubConfig.cmake
-- Installing: /home/master/Documents/Code/learnRos/install/six_axis_pubsub/share/six_axis_pubsub/cmake/six_axis_pubsubConfig-version.cmake
-- Installing: /home/master/Documents/Code/learnRos/install/six_axis_pubsub/share/six_axis_pubsub/package.xml
