[0.009s] Invoking command in '/home/master/Documents/Code/learnRos/build/six_axis_pubsub': CMAKE_PREFIX_PATH=${CMAKE_PREFIX_PATH}:/opt/ros/jazzy DEBUGINFOD_URLS=https://debuginfod.ubuntu.com /usr/bin/cmake --build /home/master/Documents/Code/learnRos/build/six_axis_pubsub -- -j48 -l48
[0.068s] [ 50%] [32mBuilding CXX object CMakeFiles/teleop_node.dir/src/teleop_node.cpp.o[0m
[0.068s] [ 75%] Built target arm_controller
[3.286s] [100%] [32m[1mLinking CXX executable teleop_node[0m
[3.445s] [100%] Built target teleop_node
[3.459s] Invoked command in '/home/master/Documents/Code/learnRos/build/six_axis_pubsub' returned '0': CMAKE_PREFIX_PATH=${CMAKE_PREFIX_PATH}:/opt/ros/jazzy DEBUGINFOD_URLS=https://debuginfod.ubuntu.com /usr/bin/cmake --build /home/master/Documents/Code/learnRos/build/six_axis_pubsub -- -j48 -l48
[3.469s] Invoking command in '/home/master/Documents/Code/learnRos/build/six_axis_pubsub': CMAKE_PREFIX_PATH=${CMAKE_PREFIX_PATH}:/opt/ros/jazzy DEBUGINFOD_URLS=https://debuginfod.ubuntu.com /usr/bin/cmake --install /home/master/Documents/Code/learnRos/build/six_axis_pubsub
[3.478s] -- Install configuration: ""
[3.479s] -- Up-to-date: /home/master/Documents/Code/learnRos/install/six_axis_pubsub/lib/six_axis_pubsub/arm_controller
[3.479s] -- Installing: /home/master/Documents/Code/learnRos/install/six_axis_pubsub/lib/six_axis_pubsub/teleop_node
[3.482s] -- Set non-toolchain portion of runtime path of "/home/master/Documents/Code/learnRos/install/six_axis_pubsub/lib/six_axis_pubsub/teleop_node" to ""
[3.482s] -- Up-to-date: /home/master/Documents/Code/learnRos/install/six_axis_pubsub/share/ament_index/resource_index/package_run_dependencies/six_axis_pubsub
[3.482s] -- Up-to-date: /home/master/Documents/Code/learnRos/install/six_axis_pubsub/share/ament_index/resource_index/parent_prefix_path/six_axis_pubsub
[3.482s] -- Up-to-date: /home/master/Documents/Code/learnRos/install/six_axis_pubsub/share/six_axis_pubsub/environment/ament_prefix_path.sh
[3.483s] -- Up-to-date: /home/master/Documents/Code/learnRos/install/six_axis_pubsub/share/six_axis_pubsub/environment/ament_prefix_path.dsv
[3.483s] -- Up-to-date: /home/master/Documents/Code/learnRos/install/six_axis_pubsub/share/six_axis_pubsub/environment/path.sh
[3.483s] -- Up-to-date: /home/master/Documents/Code/learnRos/install/six_axis_pubsub/share/six_axis_pubsub/environment/path.dsv
[3.483s] -- Up-to-date: /home/master/Documents/Code/learnRos/install/six_axis_pubsub/share/six_axis_pubsub/local_setup.bash
[3.483s] -- Up-to-date: /home/master/Documents/Code/learnRos/install/six_axis_pubsub/share/six_axis_pubsub/local_setup.sh
[3.483s] -- Up-to-date: /home/master/Documents/Code/learnRos/install/six_axis_pubsub/share/six_axis_pubsub/local_setup.zsh
[3.483s] -- Up-to-date: /home/master/Documents/Code/learnRos/install/six_axis_pubsub/share/six_axis_pubsub/local_setup.dsv
[3.483s] -- Installing: /home/master/Documents/Code/learnRos/install/six_axis_pubsub/share/six_axis_pubsub/package.dsv
[3.483s] -- Up-to-date: /home/master/Documents/Code/learnRos/install/six_axis_pubsub/share/ament_index/resource_index/packages/six_axis_pubsub
[3.483s] -- Up-to-date: /home/master/Documents/Code/learnRos/install/six_axis_pubsub/share/six_axis_pubsub/cmake/six_axis_pubsubConfig.cmake
[3.483s] -- Up-to-date: /home/master/Documents/Code/learnRos/install/six_axis_pubsub/share/six_axis_pubsub/cmake/six_axis_pubsubConfig-version.cmake
[3.484s] -- Up-to-date: /home/master/Documents/Code/learnRos/install/six_axis_pubsub/share/six_axis_pubsub/package.xml
[3.485s] Invoked command in '/home/master/Documents/Code/learnRos/build/six_axis_pubsub' returned '0': CMAKE_PREFIX_PATH=${CMAKE_PREFIX_PATH}:/opt/ros/jazzy DEBUGINFOD_URLS=https://debuginfod.ubuntu.com /usr/bin/cmake --install /home/master/Documents/Code/learnRos/build/six_axis_pubsub
